CRITICAL - 2023-09-26 03:22:49 --> Invalid file: "index.php"
in SYSTEMPATH\Exceptions\FrameworkException.php on line 39.
 1 SYSTEMPATH\View\View.php(214): CodeIgniter\Exceptions\FrameworkException::forInvalidFile('index.php')
 2 SYSTEMPATH\Common.php(1188): CodeIgniter\View\View->render('index', [], true)
 3 APPPATH\Controllers\UserController.php(11): view('index')
 4 SYSTEMPATH\CodeIgniter.php(919): App\Controllers\UserController->index()
 5 SYSTEMPATH\CodeIgniter.php(494): CodeIgniter\CodeIgniter->runController(Object(App\Controllers\UserController))
 6 SYSTEMPATH\CodeIgniter.php(353): CodeIgniter\CodeIgniter->handleRequest(null, Object(Config\Cache), false)
 7 FCPATH\index.php(79): CodeIgniter\CodeIgniter->run()
 8 SYSTEMPATH\Commands\Server\rewrite.php(47): require_once('C:\\laragon\\www\\WEBAPP\\lab#3\\public\\index.php')
CRITICAL - 2023-09-26 15:30:54 --> Undefined variable $plays
in APPPATH\Views\user\items.php on line 3.
 1 APPPATH\Views\user\items.php(3): CodeIgniter\Debug\Exceptions->errorHandler(2, 'Undefined variable $plays', 'C:\\laragon\\www\\WEBAPP\\laboratory#3\\app\\Views\\user\\items.php', 3)
 2 SYSTEMPATH\View\View.php(226): include('C:\\laragon\\www\\WEBAPP\\laboratory#3\\app\\Views\\user\\items.php')
 3 SYSTEMPATH\View\View.php(229): CodeIgniter\View\View->CodeIgniter\View\{closure}()
 4 SYSTEMPATH\Common.php(1188): CodeIgniter\View\View->render('user/items', [], true)
 5 APPPATH\Views\userinterface.php(6): view('user/items')
 6 SYSTEMPATH\View\View.php(226): include('C:\\laragon\\www\\WEBAPP\\laboratory#3\\app\\Views\\userinterface.php')
 7 SYSTEMPATH\View\View.php(229): CodeIgniter\View\View->CodeIgniter\View\{closure}()
 8 SYSTEMPATH\Common.php(1188): CodeIgniter\View\View->render('userinterface', [], true)
 9 APPPATH\Controllers\UserController.php(11): view('userinterface')
10 SYSTEMPATH\CodeIgniter.php(919): App\Controllers\UserController->index()
11 SYSTEMPATH\CodeIgniter.php(494): CodeIgniter\CodeIgniter->runController(Object(App\Controllers\UserController))
12 SYSTEMPATH\CodeIgniter.php(353): CodeIgniter\CodeIgniter->handleRequest(null, Object(Config\Cache), false)
13 FCPATH\index.php(79): CodeIgniter\CodeIgniter->run()
14 SYSTEMPATH\Commands\Server\rewrite.php(47): require_once('C:\\laragon\\www\\WEBAPP\\laboratory#3\\public\\index.php')
CRITICAL - 2023-09-26 15:32:03 --> Undefined variable $p
in APPPATH\Views\user\items.php on line 12.
 1 APPPATH\Views\user\items.php(12): CodeIgniter\Debug\Exceptions->errorHandler(2, 'Undefined variable $p', 'C:\\laragon\\www\\WEBAPP\\laboratory#3\\app\\Views\\user\\items.php', 12)
 2 SYSTEMPATH\View\View.php(226): include('C:\\laragon\\www\\WEBAPP\\laboratory#3\\app\\Views\\user\\items.php')
 3 SYSTEMPATH\View\View.php(229): CodeIgniter\View\View->CodeIgniter\View\{closure}()
 4 SYSTEMPATH\Common.php(1188): CodeIgniter\View\View->render('user/items', [], true)
 5 APPPATH\Views\userinterface.php(6): view('user/items')
 6 SYSTEMPATH\View\View.php(226): include('C:\\laragon\\www\\WEBAPP\\laboratory#3\\app\\Views\\userinterface.php')
 7 SYSTEMPATH\View\View.php(229): CodeIgniter\View\View->CodeIgniter\View\{closure}()
 8 SYSTEMPATH\Common.php(1188): CodeIgniter\View\View->render('userinterface', [], true)
 9 APPPATH\Controllers\UserController.php(11): view('userinterface')
10 SYSTEMPATH\CodeIgniter.php(919): App\Controllers\UserController->index()
11 SYSTEMPATH\CodeIgniter.php(494): CodeIgniter\CodeIgniter->runController(Object(App\Controllers\UserController))
12 SYSTEMPATH\CodeIgniter.php(353): CodeIgniter\CodeIgniter->handleRequest(null, Object(Config\Cache), false)
13 FCPATH\index.php(79): CodeIgniter\CodeIgniter->run()
14 SYSTEMPATH\Commands\Server\rewrite.php(47): require_once('C:\\laragon\\www\\WEBAPP\\laboratory#3\\public\\index.php')
ERROR - 2023-09-26 23:50:12 --> mysqli_sql_exception: No database selected in C:\laragon\www\WEBAPP\laboratory#3\system\Database\MySQLi\Connection.php:306
Stack trace:
#0 C:\laragon\www\WEBAPP\laboratory#3\system\Database\MySQLi\Connection.php(306): mysqli->query('SELECT *\nFROM `...', 0)
#1 C:\laragon\www\WEBAPP\laboratory#3\system\Database\BaseConnection.php(692): CodeIgniter\Database\MySQLi\Connection->execute('SELECT *\nFROM `...')
#2 C:\laragon\www\WEBAPP\laboratory#3\system\Database\BaseConnection.php(606): CodeIgniter\Database\BaseConnection->simpleQuery('SELECT *\nFROM `...')
#3 C:\laragon\www\WEBAPP\laboratory#3\system\Database\BaseBuilder.php(1615): CodeIgniter\Database\BaseConnection->query('SELECT *\nFROM `...', Array, false)
#4 C:\laragon\www\WEBAPP\laboratory#3\system\Model.php(237): CodeIgniter\Database\BaseBuilder->get()
#5 C:\laragon\www\WEBAPP\laboratory#3\system\BaseModel.php(624): CodeIgniter\Model->doFindAll(0, 0)
#6 C:\laragon\www\WEBAPP\laboratory#3\app\Controllers\UserController.php(14): CodeIgniter\BaseModel->findAll()
#7 C:\laragon\www\WEBAPP\laboratory#3\system\CodeIgniter.php(919): App\Controllers\UserController->index()
#8 C:\laragon\www\WEBAPP\laboratory#3\system\CodeIgniter.php(494): CodeIgniter\CodeIgniter->runController(Object(App\Controllers\UserController))
#9 C:\laragon\www\WEBAPP\laboratory#3\system\CodeIgniter.php(353): CodeIgniter\CodeIgniter->handleRequest(NULL, Object(Config\Cache), false)
#10 C:\laragon\www\WEBAPP\laboratory#3\public\index.php(79): CodeIgniter\CodeIgniter->run()
#11 C:\laragon\www\WEBAPP\laboratory#3\system\Commands\Server\rewrite.php(47): require_once('C:\\laragon\\www\\...')
#12 {main}
CRITICAL - 2023-09-26 23:50:12 --> No database selected
in SYSTEMPATH\Database\BaseConnection.php on line 646.
 1 SYSTEMPATH\Database\BaseBuilder.php(1615): CodeIgniter\Database\BaseConnection->query('SELECT *
FROM `e-commerce`', [], false)
 2 SYSTEMPATH\Model.php(237): CodeIgniter\Database\BaseBuilder->get()
 3 SYSTEMPATH\BaseModel.php(624): CodeIgniter\Model->doFindAll(0, 0)
 4 APPPATH\Controllers\UserController.php(14): CodeIgniter\BaseModel->findAll()
 5 SYSTEMPATH\CodeIgniter.php(919): App\Controllers\UserController->index()
 6 SYSTEMPATH\CodeIgniter.php(494): CodeIgniter\CodeIgniter->runController(Object(App\Controllers\UserController))
 7 SYSTEMPATH\CodeIgniter.php(353): CodeIgniter\CodeIgniter->handleRequest(null, Object(Config\Cache), false)
 8 FCPATH\index.php(79): CodeIgniter\CodeIgniter->run()
 9 SYSTEMPATH\Commands\Server\rewrite.php(47): require_once('C:\\laragon\\www\\WEBAPP\\laboratory#3\\public\\index.php')
CRITICAL - 2023-09-26 23:50:31 --> Undefined variable $data
in APPPATH\Views\userinterface.php on line 5.
 1 APPPATH\Views\userinterface.php(5): CodeIgniter\Debug\Exceptions->errorHandler(2, 'Undefined variable $data', 'C:\\laragon\\www\\WEBAPP\\laboratory#3\\app\\Views\\userinterface.php', 5)
 2 SYSTEMPATH\View\View.php(226): include('C:\\laragon\\www\\WEBAPP\\laboratory#3\\app\\Views\\userinterface.php')
 3 SYSTEMPATH\View\View.php(229): CodeIgniter\View\View->CodeIgniter\View\{closure}()
 4 SYSTEMPATH\Common.php(1188): CodeIgniter\View\View->render('userinterface', [], true)
 5 APPPATH\Controllers\UserController.php(16): view('userinterface', [...])
 6 SYSTEMPATH\CodeIgniter.php(919): App\Controllers\UserController->index()
 7 SYSTEMPATH\CodeIgniter.php(494): CodeIgniter\CodeIgniter->runController(Object(App\Controllers\UserController))
 8 SYSTEMPATH\CodeIgniter.php(353): CodeIgniter\CodeIgniter->handleRequest(null, Object(Config\Cache), false)
 9 FCPATH\index.php(79): CodeIgniter\CodeIgniter->run()
10 SYSTEMPATH\Commands\Server\rewrite.php(47): require_once('C:\\laragon\\www\\WEBAPP\\laboratory#3\\public\\index.php')
CRITICAL - 2023-09-26 23:50:41 --> Undefined array key "description"
in APPPATH\Views\userinterface.php on line 5.
 1 APPPATH\Views\userinterface.php(5): CodeIgniter\Debug\Exceptions->errorHandler(2, 'Undefined array key "description"', 'C:\\laragon\\www\\WEBAPP\\laboratory#3\\app\\Views\\userinterface.php', 5)
 2 SYSTEMPATH\View\View.php(226): include('C:\\laragon\\www\\WEBAPP\\laboratory#3\\app\\Views\\userinterface.php')
 3 SYSTEMPATH\View\View.php(229): CodeIgniter\View\View->CodeIgniter\View\{closure}()
 4 SYSTEMPATH\Common.php(1188): CodeIgniter\View\View->render('userinterface', [], true)
 5 APPPATH\Controllers\UserController.php(16): view('userinterface', [...])
 6 SYSTEMPATH\CodeIgniter.php(919): App\Controllers\UserController->index()
 7 SYSTEMPATH\CodeIgniter.php(494): CodeIgniter\CodeIgniter->runController(Object(App\Controllers\UserController))
 8 SYSTEMPATH\CodeIgniter.php(353): CodeIgniter\CodeIgniter->handleRequest(null, Object(Config\Cache), false)
 9 FCPATH\index.php(79): CodeIgniter\CodeIgniter->run()
10 SYSTEMPATH\Commands\Server\rewrite.php(47): require_once('C:\\laragon\\www\\WEBAPP\\laboratory#3\\public\\index.php')
