CRITICAL - 2023-10-01 16:02:39 --> syntax error, unexpected token "endif", expecting end of file
in APPPATH\Views\admin\datatable\adminform.php on line 92.
 1 SYSTEMPATH\View\View.php(229): CodeIgniter\View\View->CodeIgniter\View\{closure}()
 2 SYSTEMPATH\Common.php(1188): CodeIgniter\View\View->render('admin/datatable/adminform', [], true)
 3 APPPATH\Views\administrator.php(35): view('admin/datatable/adminform')
 4 SYSTEMPATH\View\View.php(226): include('C:\\laragon\\www\\WEBAPP\\laboratory#3\\app\\Views\\administrator.php')
 5 SYSTEMPATH\View\View.php(229): CodeIgniter\View\View->CodeIgniter\View\{closure}()
 6 SYSTEMPATH\Common.php(1188): CodeIgniter\View\View->render('administrator', [], true)
 7 APPPATH\Controllers\AdminController.php(38): view('administrator', [...])
 8 SYSTEMPATH\CodeIgniter.php(919): App\Controllers\AdminController->administrator()
 9 SYSTEMPATH\CodeIgniter.php(494): CodeIgniter\CodeIgniter->runController(Object(App\Controllers\AdminController))
10 SYSTEMPATH\CodeIgniter.php(353): CodeIgniter\CodeIgniter->handleRequest(null, Object(Config\Cache), false)
11 FCPATH\index.php(79): CodeIgniter\CodeIgniter->run()
12 SYSTEMPATH\Commands\Server\rewrite.php(47): require_once('C:\\laragon\\www\\WEBAPP\\laboratory#3\\public\\index.php')
CRITICAL - 2023-10-01 16:02:58 --> syntax error, unexpected token "endif", expecting end of file
in APPPATH\Views\admin\datatable\adminform.php on line 92.
 1 SYSTEMPATH\View\View.php(229): CodeIgniter\View\View->CodeIgniter\View\{closure}()
 2 SYSTEMPATH\Common.php(1188): CodeIgniter\View\View->render('admin/datatable/adminform', [], true)
 3 APPPATH\Views\administrator.php(35): view('admin/datatable/adminform')
 4 SYSTEMPATH\View\View.php(226): include('C:\\laragon\\www\\WEBAPP\\laboratory#3\\app\\Views\\administrator.php')
 5 SYSTEMPATH\View\View.php(229): CodeIgniter\View\View->CodeIgniter\View\{closure}()
 6 SYSTEMPATH\Common.php(1188): CodeIgniter\View\View->render('administrator', [], true)
 7 APPPATH\Controllers\AdminController.php(38): view('administrator', [...])
 8 SYSTEMPATH\CodeIgniter.php(919): App\Controllers\AdminController->administrator()
 9 SYSTEMPATH\CodeIgniter.php(494): CodeIgniter\CodeIgniter->runController(Object(App\Controllers\AdminController))
10 SYSTEMPATH\CodeIgniter.php(353): CodeIgniter\CodeIgniter->handleRequest(null, Object(Config\Cache), false)
11 FCPATH\index.php(79): CodeIgniter\CodeIgniter->run()
12 SYSTEMPATH\Commands\Server\rewrite.php(47): require_once('C:\\laragon\\www\\WEBAPP\\laboratory#3\\public\\index.php')
CRITICAL - 2023-10-01 16:03:14 --> syntax error, unexpected token "endif", expecting end of file
in APPPATH\Views\admin\datatable\adminform.php on line 92.
 1 SYSTEMPATH\View\View.php(229): CodeIgniter\View\View->CodeIgniter\View\{closure}()
 2 SYSTEMPATH\Common.php(1188): CodeIgniter\View\View->render('admin/datatable/adminform', [], true)
 3 APPPATH\Views\administrator.php(35): view('admin/datatable/adminform')
 4 SYSTEMPATH\View\View.php(226): include('C:\\laragon\\www\\WEBAPP\\laboratory#3\\app\\Views\\administrator.php')
 5 SYSTEMPATH\View\View.php(229): CodeIgniter\View\View->CodeIgniter\View\{closure}()
 6 SYSTEMPATH\Common.php(1188): CodeIgniter\View\View->render('administrator', [], true)
 7 APPPATH\Controllers\AdminController.php(38): view('administrator', [...])
 8 SYSTEMPATH\CodeIgniter.php(919): App\Controllers\AdminController->administrator()
 9 SYSTEMPATH\CodeIgniter.php(494): CodeIgniter\CodeIgniter->runController(Object(App\Controllers\AdminController))
10 SYSTEMPATH\CodeIgniter.php(353): CodeIgniter\CodeIgniter->handleRequest(null, Object(Config\Cache), false)
11 FCPATH\index.php(79): CodeIgniter\CodeIgniter->run()
12 SYSTEMPATH\Commands\Server\rewrite.php(47): require_once('C:\\laragon\\www\\WEBAPP\\laboratory#3\\public\\index.php')
