CRITICAL - 2023-09-30 06:25:08 --> Undefined variable $products
in APPPATH\Views\admin\datatable\admintable.php on line 23.
 1 APPPATH\Views\admin\datatable\admintable.php(23): CodeIgniter\Debug\Exceptions->errorHandler(2, 'Undefined variable $products', 'C:\\laragon\\www\\WEBAPP\\laboratory#3\\app\\Views\\admin\\datatable\\admintable.php', 23)
 2 SYSTEMPATH\View\View.php(226): include('C:\\laragon\\www\\WEBAPP\\laboratory#3\\app\\Views\\admin\\datatable\\admintable.php')
 3 SYSTEMPATH\View\View.php(229): CodeIgniter\View\View->CodeIgniter\View\{closure}()
 4 SYSTEMPATH\Common.php(1188): CodeIgniter\View\View->render('admin/datatable/admintable', [], true)
 5 APPPATH\Views\administrator.php(25): view('admin/datatable/admintable')
 6 SYSTEMPATH\View\View.php(226): include('C:\\laragon\\www\\WEBAPP\\laboratory#3\\app\\Views\\administrator.php')
 7 SYSTEMPATH\View\View.php(229): CodeIgniter\View\View->CodeIgniter\View\{closure}()
 8 SYSTEMPATH\Common.php(1188): CodeIgniter\View\View->render('administrator', [], true)
 9 APPPATH\Controllers\AdminController.php(150): view('administrator', [...])
10 SYSTEMPATH\CodeIgniter.php(919): App\Controllers\AdminController->edititem('7')
11 SYSTEMPATH\CodeIgniter.php(494): CodeIgniter\CodeIgniter->runController(Object(App\Controllers\AdminController))
12 SYSTEMPATH\CodeIgniter.php(353): CodeIgniter\CodeIgniter->handleRequest(null, Object(Config\Cache), false)
13 FCPATH\index.php(79): CodeIgniter\CodeIgniter->run()
14 SYSTEMPATH\Commands\Server\rewrite.php(47): require_once('C:\\laragon\\www\\WEBAPP\\laboratory#3\\public\\index.php')
CRITICAL - 2023-09-30 06:25:37 --> Undefined variable $category
in APPPATH\Views\admin\datatable\adminform.php on line 23.
 1 APPPATH\Views\admin\datatable\adminform.php(23): CodeIgniter\Debug\Exceptions->errorHandler(2, 'Undefined variable $category', 'C:\\laragon\\www\\WEBAPP\\laboratory#3\\app\\Views\\admin\\datatable\\adminform.php', 23)
 2 SYSTEMPATH\View\View.php(226): include('C:\\laragon\\www\\WEBAPP\\laboratory#3\\app\\Views\\admin\\datatable\\adminform.php')
 3 SYSTEMPATH\View\View.php(229): CodeIgniter\View\View->CodeIgniter\View\{closure}()
 4 SYSTEMPATH\Common.php(1188): CodeIgniter\View\View->render('admin/datatable/adminform', [], true)
 5 APPPATH\Views\administrator.php(35): view('admin/datatable/adminform')
 6 SYSTEMPATH\View\View.php(226): include('C:\\laragon\\www\\WEBAPP\\laboratory#3\\app\\Views\\administrator.php')
 7 SYSTEMPATH\View\View.php(229): CodeIgniter\View\View->CodeIgniter\View\{closure}()
 8 SYSTEMPATH\Common.php(1188): CodeIgniter\View\View->render('administrator', [], true)
 9 APPPATH\Controllers\AdminController.php(150): view('administrator', [...])
10 SYSTEMPATH\CodeIgniter.php(919): App\Controllers\AdminController->edititem('7')
11 SYSTEMPATH\CodeIgniter.php(494): CodeIgniter\CodeIgniter->runController(Object(App\Controllers\AdminController))
12 SYSTEMPATH\CodeIgniter.php(353): CodeIgniter\CodeIgniter->handleRequest(null, Object(Config\Cache), false)
13 FCPATH\index.php(79): CodeIgniter\CodeIgniter->run()
14 SYSTEMPATH\Commands\Server\rewrite.php(47): require_once('C:\\laragon\\www\\WEBAPP\\laboratory#3\\public\\index.php')
CRITICAL - 2023-09-30 06:31:09 --> Undefined array key "name"
in APPPATH\Views\user\items.php on line 8.
 1 APPPATH\Views\user\items.php(8): CodeIgniter\Debug\Exceptions->errorHandler(2, 'Undefined array key "name"', 'C:\\laragon\\www\\WEBAPP\\laboratory#3\\app\\Views\\user\\items.php', 8)
 2 SYSTEMPATH\View\View.php(226): include('C:\\laragon\\www\\WEBAPP\\laboratory#3\\app\\Views\\user\\items.php')
 3 SYSTEMPATH\View\View.php(229): CodeIgniter\View\View->CodeIgniter\View\{closure}()
 4 SYSTEMPATH\Common.php(1188): CodeIgniter\View\View->render('user/items', [], true)
 5 APPPATH\Views\userinterface.php(6): view('user/items')
 6 SYSTEMPATH\View\View.php(226): include('C:\\laragon\\www\\WEBAPP\\laboratory#3\\app\\Views\\userinterface.php')
 7 SYSTEMPATH\View\View.php(229): CodeIgniter\View\View->CodeIgniter\View\{closure}()
 8 SYSTEMPATH\Common.php(1188): CodeIgniter\View\View->render('userinterface', [], true)
 9 APPPATH\Controllers\UserController.php(24): view('userinterface', [...])
10 SYSTEMPATH\CodeIgniter.php(919): App\Controllers\UserController->index()
11 SYSTEMPATH\CodeIgniter.php(494): CodeIgniter\CodeIgniter->runController(Object(App\Controllers\UserController))
12 SYSTEMPATH\CodeIgniter.php(353): CodeIgniter\CodeIgniter->handleRequest(null, Object(Config\Cache), false)
13 FCPATH\index.php(79): CodeIgniter\CodeIgniter->run()
14 SYSTEMPATH\Commands\Server\rewrite.php(47): require_once('C:\\laragon\\www\\WEBAPP\\laboratory#3\\public\\index.php')
CRITICAL - 2023-09-30 06:31:13 --> Undefined array key "name"
in APPPATH\Views\user\items.php on line 8.
 1 APPPATH\Views\user\items.php(8): CodeIgniter\Debug\Exceptions->errorHandler(2, 'Undefined array key "name"', 'C:\\laragon\\www\\WEBAPP\\laboratory#3\\app\\Views\\user\\items.php', 8)
 2 SYSTEMPATH\View\View.php(226): include('C:\\laragon\\www\\WEBAPP\\laboratory#3\\app\\Views\\user\\items.php')
 3 SYSTEMPATH\View\View.php(229): CodeIgniter\View\View->CodeIgniter\View\{closure}()
 4 SYSTEMPATH\Common.php(1188): CodeIgniter\View\View->render('user/items', [], true)
 5 APPPATH\Views\userinterface.php(6): view('user/items')
 6 SYSTEMPATH\View\View.php(226): include('C:\\laragon\\www\\WEBAPP\\laboratory#3\\app\\Views\\userinterface.php')
 7 SYSTEMPATH\View\View.php(229): CodeIgniter\View\View->CodeIgniter\View\{closure}()
 8 SYSTEMPATH\Common.php(1188): CodeIgniter\View\View->render('userinterface', [], true)
 9 APPPATH\Controllers\UserController.php(24): view('userinterface', [...])
10 SYSTEMPATH\CodeIgniter.php(919): App\Controllers\UserController->index()
11 SYSTEMPATH\CodeIgniter.php(494): CodeIgniter\CodeIgniter->runController(Object(App\Controllers\UserController))
12 SYSTEMPATH\CodeIgniter.php(353): CodeIgniter\CodeIgniter->handleRequest(null, Object(Config\Cache), false)
13 FCPATH\index.php(79): CodeIgniter\CodeIgniter->run()
14 SYSTEMPATH\Commands\Server\rewrite.php(47): require_once('C:\\laragon\\www\\WEBAPP\\laboratory#3\\public\\index.php')
CRITICAL - 2023-09-30 06:31:13 --> Undefined array key "name"
in APPPATH\Views\user\items.php on line 8.
 1 APPPATH\Views\user\items.php(8): CodeIgniter\Debug\Exceptions->errorHandler(2, 'Undefined array key "name"', 'C:\\laragon\\www\\WEBAPP\\laboratory#3\\app\\Views\\user\\items.php', 8)
 2 SYSTEMPATH\View\View.php(226): include('C:\\laragon\\www\\WEBAPP\\laboratory#3\\app\\Views\\user\\items.php')
 3 SYSTEMPATH\View\View.php(229): CodeIgniter\View\View->CodeIgniter\View\{closure}()
 4 SYSTEMPATH\Common.php(1188): CodeIgniter\View\View->render('user/items', [], true)
 5 APPPATH\Views\userinterface.php(6): view('user/items')
 6 SYSTEMPATH\View\View.php(226): include('C:\\laragon\\www\\WEBAPP\\laboratory#3\\app\\Views\\userinterface.php')
 7 SYSTEMPATH\View\View.php(229): CodeIgniter\View\View->CodeIgniter\View\{closure}()
 8 SYSTEMPATH\Common.php(1188): CodeIgniter\View\View->render('userinterface', [], true)
 9 APPPATH\Controllers\UserController.php(24): view('userinterface', [...])
10 SYSTEMPATH\CodeIgniter.php(919): App\Controllers\UserController->index()
11 SYSTEMPATH\CodeIgniter.php(494): CodeIgniter\CodeIgniter->runController(Object(App\Controllers\UserController))
12 SYSTEMPATH\CodeIgniter.php(353): CodeIgniter\CodeIgniter->handleRequest(null, Object(Config\Cache), false)
13 FCPATH\index.php(79): CodeIgniter\CodeIgniter->run()
14 SYSTEMPATH\Commands\Server\rewrite.php(47): require_once('C:\\laragon\\www\\WEBAPP\\laboratory#3\\public\\index.php')
CRITICAL - 2023-09-30 06:39:20 --> Undefined variable $c
in APPPATH\Views\admin\datatable\adminform.php on line 22.
 1 APPPATH\Views\admin\datatable\adminform.php(22): CodeIgniter\Debug\Exceptions->errorHandler(2, 'Undefined variable $c', 'C:\\laragon\\www\\WEBAPP\\laboratory#3\\app\\Views\\admin\\datatable\\adminform.php', 22)
 2 SYSTEMPATH\View\View.php(226): include('C:\\laragon\\www\\WEBAPP\\laboratory#3\\app\\Views\\admin\\datatable\\adminform.php')
 3 SYSTEMPATH\View\View.php(229): CodeIgniter\View\View->CodeIgniter\View\{closure}()
 4 SYSTEMPATH\Common.php(1188): CodeIgniter\View\View->render('admin/datatable/adminform', [], true)
 5 APPPATH\Views\administrator.php(35): view('admin/datatable/adminform')
 6 SYSTEMPATH\View\View.php(226): include('C:\\laragon\\www\\WEBAPP\\laboratory#3\\app\\Views\\administrator.php')
 7 SYSTEMPATH\View\View.php(229): CodeIgniter\View\View->CodeIgniter\View\{closure}()
 8 SYSTEMPATH\Common.php(1188): CodeIgniter\View\View->render('administrator', [], true)
 9 APPPATH\Controllers\AdminController.php(151): view('administrator', [...])
10 SYSTEMPATH\CodeIgniter.php(919): App\Controllers\AdminController->edititem('14')
11 SYSTEMPATH\CodeIgniter.php(494): CodeIgniter\CodeIgniter->runController(Object(App\Controllers\AdminController))
12 SYSTEMPATH\CodeIgniter.php(353): CodeIgniter\CodeIgniter->handleRequest(null, Object(Config\Cache), false)
13 FCPATH\index.php(79): CodeIgniter\CodeIgniter->run()
14 SYSTEMPATH\Commands\Server\rewrite.php(47): require_once('C:\\laragon\\www\\WEBAPP\\laboratory#3\\public\\index.php')
CRITICAL - 2023-09-30 06:50:33 --> Undefined variable $userdata
in APPPATH\Controllers\AdminController.php on line 150.
 1 APPPATH\Controllers\AdminController.php(150): CodeIgniter\Debug\Exceptions->errorHandler(2, 'Undefined variable $userdata', 'C:\\laragon\\www\\WEBAPP\\laboratory#3\\app\\Controllers\\AdminController.php', 150)
 2 SYSTEMPATH\CodeIgniter.php(919): App\Controllers\AdminController->edititem('14')
 3 SYSTEMPATH\CodeIgniter.php(494): CodeIgniter\CodeIgniter->runController(Object(App\Controllers\AdminController))
 4 SYSTEMPATH\CodeIgniter.php(353): CodeIgniter\CodeIgniter->handleRequest(null, Object(Config\Cache), false)
 5 FCPATH\index.php(79): CodeIgniter\CodeIgniter->run()
 6 SYSTEMPATH\Commands\Server\rewrite.php(47): require_once('C:\\laragon\\www\\WEBAPP\\laboratory#3\\public\\index.php')
CRITICAL - 2023-09-30 07:33:38 --> Undefined variable $allcategory
in APPPATH\Views\admin\datatable\adminform.php on line 24.
 1 APPPATH\Views\admin\datatable\adminform.php(24): CodeIgniter\Debug\Exceptions->errorHandler(2, 'Undefined variable $allcategory', 'C:\\laragon\\www\\WEBAPP\\laboratory#3\\app\\Views\\admin\\datatable\\adminform.php', 24)
 2 SYSTEMPATH\View\View.php(226): include('C:\\laragon\\www\\WEBAPP\\laboratory#3\\app\\Views\\admin\\datatable\\adminform.php')
 3 SYSTEMPATH\View\View.php(229): CodeIgniter\View\View->CodeIgniter\View\{closure}()
 4 SYSTEMPATH\Common.php(1188): CodeIgniter\View\View->render('admin/datatable/adminform', [], true)
 5 APPPATH\Views\administrator.php(35): view('admin/datatable/adminform')
 6 SYSTEMPATH\View\View.php(226): include('C:\\laragon\\www\\WEBAPP\\laboratory#3\\app\\Views\\administrator.php')
 7 SYSTEMPATH\View\View.php(229): CodeIgniter\View\View->CodeIgniter\View\{closure}()
 8 SYSTEMPATH\Common.php(1188): CodeIgniter\View\View->render('administrator', [], true)
 9 APPPATH\Controllers\AdminController.php(153): view('administrator', [...])
10 SYSTEMPATH\CodeIgniter.php(919): App\Controllers\AdminController->edititem('13')
11 SYSTEMPATH\CodeIgniter.php(494): CodeIgniter\CodeIgniter->runController(Object(App\Controllers\AdminController))
12 SYSTEMPATH\CodeIgniter.php(353): CodeIgniter\CodeIgniter->handleRequest(null, Object(Config\Cache), false)
13 FCPATH\index.php(79): CodeIgniter\CodeIgniter->run()
14 SYSTEMPATH\Commands\Server\rewrite.php(47): require_once('C:\\laragon\\www\\WEBAPP\\laboratory#3\\public\\index.php')
CRITICAL - 2023-09-30 07:36:24 --> Trying to access array offset on value of type null
in APPPATH\Views\admin\datatable\adminform.php on line 24.
 1 APPPATH\Views\admin\datatable\adminform.php(24): CodeIgniter\Debug\Exceptions->errorHandler(2, 'Trying to access array offset on value of type null', 'C:\\laragon\\www\\WEBAPP\\laboratory#3\\app\\Views\\admin\\datatable\\adminform.php', 24)
 2 SYSTEMPATH\View\View.php(226): include('C:\\laragon\\www\\WEBAPP\\laboratory#3\\app\\Views\\admin\\datatable\\adminform.php')
 3 SYSTEMPATH\View\View.php(229): CodeIgniter\View\View->CodeIgniter\View\{closure}()
 4 SYSTEMPATH\Common.php(1188): CodeIgniter\View\View->render('admin/datatable/adminform', [], true)
 5 APPPATH\Views\administrator.php(35): view('admin/datatable/adminform')
 6 SYSTEMPATH\View\View.php(226): include('C:\\laragon\\www\\WEBAPP\\laboratory#3\\app\\Views\\administrator.php')
 7 SYSTEMPATH\View\View.php(229): CodeIgniter\View\View->CodeIgniter\View\{closure}()
 8 SYSTEMPATH\Common.php(1188): CodeIgniter\View\View->render('administrator', [], true)
 9 APPPATH\Controllers\AdminController.php(153): view('administrator', [...])
10 SYSTEMPATH\CodeIgniter.php(919): App\Controllers\AdminController->edititem('6')
11 SYSTEMPATH\CodeIgniter.php(494): CodeIgniter\CodeIgniter->runController(Object(App\Controllers\AdminController))
12 SYSTEMPATH\CodeIgniter.php(353): CodeIgniter\CodeIgniter->handleRequest(null, Object(Config\Cache), false)
13 FCPATH\index.php(79): CodeIgniter\CodeIgniter->run()
14 SYSTEMPATH\Commands\Server\rewrite.php(47): require_once('C:\\laragon\\www\\WEBAPP\\laboratory#3\\public\\index.php')
CRITICAL - 2023-09-30 07:36:40 --> Trying to access array offset on value of type null
in APPPATH\Views\admin\datatable\adminform.php on line 24.
 1 APPPATH\Views\admin\datatable\adminform.php(24): CodeIgniter\Debug\Exceptions->errorHandler(2, 'Trying to access array offset on value of type null', 'C:\\laragon\\www\\WEBAPP\\laboratory#3\\app\\Views\\admin\\datatable\\adminform.php', 24)
 2 SYSTEMPATH\View\View.php(226): include('C:\\laragon\\www\\WEBAPP\\laboratory#3\\app\\Views\\admin\\datatable\\adminform.php')
 3 SYSTEMPATH\View\View.php(229): CodeIgniter\View\View->CodeIgniter\View\{closure}()
 4 SYSTEMPATH\Common.php(1188): CodeIgniter\View\View->render('admin/datatable/adminform', [], true)
 5 APPPATH\Views\administrator.php(35): view('admin/datatable/adminform')
 6 SYSTEMPATH\View\View.php(226): include('C:\\laragon\\www\\WEBAPP\\laboratory#3\\app\\Views\\administrator.php')
 7 SYSTEMPATH\View\View.php(229): CodeIgniter\View\View->CodeIgniter\View\{closure}()
 8 SYSTEMPATH\Common.php(1188): CodeIgniter\View\View->render('administrator', [], true)
 9 APPPATH\Controllers\AdminController.php(153): view('administrator', [...])
10 SYSTEMPATH\CodeIgniter.php(919): App\Controllers\AdminController->edititem('12')
11 SYSTEMPATH\CodeIgniter.php(494): CodeIgniter\CodeIgniter->runController(Object(App\Controllers\AdminController))
12 SYSTEMPATH\CodeIgniter.php(353): CodeIgniter\CodeIgniter->handleRequest(null, Object(Config\Cache), false)
13 FCPATH\index.php(79): CodeIgniter\CodeIgniter->run()
14 SYSTEMPATH\Commands\Server\rewrite.php(47): require_once('C:\\laragon\\www\\WEBAPP\\laboratory#3\\public\\index.php')
CRITICAL - 2023-09-30 07:42:06 --> Trying to access array offset on value of type null
in APPPATH\Controllers\AdminController.php on line 151.
 1 APPPATH\Controllers\AdminController.php(151): CodeIgniter\Debug\Exceptions->errorHandler(2, 'Trying to access array offset on value of type null', 'C:\\laragon\\www\\WEBAPP\\laboratory#3\\app\\Controllers\\AdminController.php', 151)
 2 SYSTEMPATH\CodeIgniter.php(919): App\Controllers\AdminController->edititem('13')
 3 SYSTEMPATH\CodeIgniter.php(494): CodeIgniter\CodeIgniter->runController(Object(App\Controllers\AdminController))
 4 SYSTEMPATH\CodeIgniter.php(353): CodeIgniter\CodeIgniter->handleRequest(null, Object(Config\Cache), false)
 5 FCPATH\index.php(79): CodeIgniter\CodeIgniter->run()
 6 SYSTEMPATH\Commands\Server\rewrite.php(47): require_once('C:\\laragon\\www\\WEBAPP\\laboratory#3\\public\\index.php')
CRITICAL - 2023-09-30 07:43:27 --> Trying to access array offset on value of type null
in APPPATH\Controllers\AdminController.php on line 151.
 1 APPPATH\Controllers\AdminController.php(151): CodeIgniter\Debug\Exceptions->errorHandler(2, 'Trying to access array offset on value of type null', 'C:\\laragon\\www\\WEBAPP\\laboratory#3\\app\\Controllers\\AdminController.php', 151)
 2 SYSTEMPATH\CodeIgniter.php(919): App\Controllers\AdminController->edititem('13')
 3 SYSTEMPATH\CodeIgniter.php(494): CodeIgniter\CodeIgniter->runController(Object(App\Controllers\AdminController))
 4 SYSTEMPATH\CodeIgniter.php(353): CodeIgniter\CodeIgniter->handleRequest(null, Object(Config\Cache), false)
 5 FCPATH\index.php(79): CodeIgniter\CodeIgniter->run()
 6 SYSTEMPATH\Commands\Server\rewrite.php(47): require_once('C:\\laragon\\www\\WEBAPP\\laboratory#3\\public\\index.php')
CRITICAL - 2023-09-30 07:43:28 --> Trying to access array offset on value of type null
in APPPATH\Controllers\AdminController.php on line 151.
 1 APPPATH\Controllers\AdminController.php(151): CodeIgniter\Debug\Exceptions->errorHandler(2, 'Trying to access array offset on value of type null', 'C:\\laragon\\www\\WEBAPP\\laboratory#3\\app\\Controllers\\AdminController.php', 151)
 2 SYSTEMPATH\CodeIgniter.php(919): App\Controllers\AdminController->edititem('13')
 3 SYSTEMPATH\CodeIgniter.php(494): CodeIgniter\CodeIgniter->runController(Object(App\Controllers\AdminController))
 4 SYSTEMPATH\CodeIgniter.php(353): CodeIgniter\CodeIgniter->handleRequest(null, Object(Config\Cache), false)
 5 FCPATH\index.php(79): CodeIgniter\CodeIgniter->run()
 6 SYSTEMPATH\Commands\Server\rewrite.php(47): require_once('C:\\laragon\\www\\WEBAPP\\laboratory#3\\public\\index.php')
CRITICAL - 2023-09-30 11:30:04 --> Undefined variable $toedit
in APPPATH\Views\admin\datatable\adminform.php on line 24.
 1 APPPATH\Views\admin\datatable\adminform.php(24): CodeIgniter\Debug\Exceptions->errorHandler(2, 'Undefined variable $toedit', 'C:\\laragon\\www\\WEBAPP\\laboratory#3\\app\\Views\\admin\\datatable\\adminform.php', 24)
 2 SYSTEMPATH\View\View.php(226): include('C:\\laragon\\www\\WEBAPP\\laboratory#3\\app\\Views\\admin\\datatable\\adminform.php')
 3 SYSTEMPATH\View\View.php(229): CodeIgniter\View\View->CodeIgniter\View\{closure}()
 4 SYSTEMPATH\Common.php(1188): CodeIgniter\View\View->render('admin/datatable/adminform', [], true)
 5 APPPATH\Views\administrator.php(35): view('admin/datatable/adminform')
 6 SYSTEMPATH\View\View.php(226): include('C:\\laragon\\www\\WEBAPP\\laboratory#3\\app\\Views\\administrator.php')
 7 SYSTEMPATH\View\View.php(229): CodeIgniter\View\View->CodeIgniter\View\{closure}()
 8 SYSTEMPATH\Common.php(1188): CodeIgniter\View\View->render('administrator', [], true)
 9 APPPATH\Controllers\AdminController.php(38): view('administrator', [...])
10 SYSTEMPATH\CodeIgniter.php(919): App\Controllers\AdminController->administrator()
11 SYSTEMPATH\CodeIgniter.php(494): CodeIgniter\CodeIgniter->runController(Object(App\Controllers\AdminController))
12 SYSTEMPATH\CodeIgniter.php(353): CodeIgniter\CodeIgniter->handleRequest(null, Object(Config\Cache), false)
13 FCPATH\index.php(79): CodeIgniter\CodeIgniter->run()
14 SYSTEMPATH\Commands\Server\rewrite.php(47): require_once('C:\\laragon\\www\\WEBAPP\\laboratory#3\\public\\index.php')
CRITICAL - 2023-09-30 11:33:50 --> Call to a member function where() on array
in APPPATH\Views\admin\datatable\adminform.php on line 26.
 1 SYSTEMPATH\View\View.php(226): include()
 2 SYSTEMPATH\View\View.php(229): CodeIgniter\View\View->CodeIgniter\View\{closure}()
 3 SYSTEMPATH\Common.php(1188): CodeIgniter\View\View->render('admin/datatable/adminform', [], true)
 4 APPPATH\Views\administrator.php(35): view('admin/datatable/adminform')
 5 SYSTEMPATH\View\View.php(226): include('C:\\laragon\\www\\WEBAPP\\laboratory#3\\app\\Views\\administrator.php')
 6 SYSTEMPATH\View\View.php(229): CodeIgniter\View\View->CodeIgniter\View\{closure}()
 7 SYSTEMPATH\Common.php(1188): CodeIgniter\View\View->render('administrator', [], true)
 8 APPPATH\Controllers\AdminController.php(147): view('administrator', [...])
 9 SYSTEMPATH\CodeIgniter.php(919): App\Controllers\AdminController->edititem('12')
10 SYSTEMPATH\CodeIgniter.php(494): CodeIgniter\CodeIgniter->runController(Object(App\Controllers\AdminController))
11 SYSTEMPATH\CodeIgniter.php(353): CodeIgniter\CodeIgniter->handleRequest(null, Object(Config\Cache), false)
12 FCPATH\index.php(79): CodeIgniter\CodeIgniter->run()
13 SYSTEMPATH\Commands\Server\rewrite.php(47): require_once('C:\\laragon\\www\\WEBAPP\\laboratory#3\\public\\index.php')
