CRITICAL - 2023-09-27 00:02:09 --> Undefined variable $producst
in APPPATH\Views\user\items.php on line 5.
 1 APPPATH\Views\user\items.php(5): CodeIgniter\Debug\Exceptions->errorHandler(2, 'Undefined variable $producst', 'C:\\laragon\\www\\WEBAPP\\laboratory#3\\app\\Views\\user\\items.php', 5)
 2 SYSTEMPATH\View\View.php(226): include('C:\\laragon\\www\\WEBAPP\\laboratory#3\\app\\Views\\user\\items.php')
 3 SYSTEMPATH\View\View.php(229): CodeIgniter\View\View->CodeIgniter\View\{closure}()
 4 SYSTEMPATH\Common.php(1188): CodeIgniter\View\View->render('user/items', [], true)
 5 APPPATH\Views\userinterface.php(11): view('user/items')
 6 SYSTEMPATH\View\View.php(226): include('C:\\laragon\\www\\WEBAPP\\laboratory#3\\app\\Views\\userinterface.php')
 7 SYSTEMPATH\View\View.php(229): CodeIgniter\View\View->CodeIgniter\View\{closure}()
 8 SYSTEMPATH\Common.php(1188): CodeIgniter\View\View->render('userinterface', [], true)
 9 APPPATH\Controllers\UserController.php(15): view('userinterface', [...])
10 SYSTEMPATH\CodeIgniter.php(919): App\Controllers\UserController->index()
11 SYSTEMPATH\CodeIgniter.php(494): CodeIgniter\CodeIgniter->runController(Object(App\Controllers\UserController))
12 SYSTEMPATH\CodeIgniter.php(353): CodeIgniter\CodeIgniter->handleRequest(null, Object(Config\Cache), false)
13 FCPATH\index.php(79): CodeIgniter\CodeIgniter->run()
14 SYSTEMPATH\Commands\Server\rewrite.php(47): require_once('C:\\laragon\\www\\WEBAPP\\laboratory#3\\public\\index.php')
CRITICAL - 2023-09-27 00:55:02 --> Undefined variable $p
in APPPATH\Views\user\items.php on line 9.
 1 APPPATH\Views\user\items.php(9): CodeIgniter\Debug\Exceptions->errorHandler(2, 'Undefined variable $p', 'C:\\laragon\\www\\WEBAPP\\laboratory#3\\app\\Views\\user\\items.php', 9)
 2 SYSTEMPATH\View\View.php(226): include('C:\\laragon\\www\\WEBAPP\\laboratory#3\\app\\Views\\user\\items.php')
 3 SYSTEMPATH\View\View.php(229): CodeIgniter\View\View->CodeIgniter\View\{closure}()
 4 SYSTEMPATH\Common.php(1188): CodeIgniter\View\View->render('user/items', [], true)
 5 APPPATH\Views\userinterface.php(6): view('user/items')
 6 SYSTEMPATH\View\View.php(226): include('C:\\laragon\\www\\WEBAPP\\laboratory#3\\app\\Views\\userinterface.php')
 7 SYSTEMPATH\View\View.php(229): CodeIgniter\View\View->CodeIgniter\View\{closure}()
 8 SYSTEMPATH\Common.php(1188): CodeIgniter\View\View->render('userinterface', [], true)
 9 APPPATH\Controllers\UserController.php(15): view('userinterface', [...])
10 SYSTEMPATH\CodeIgniter.php(919): App\Controllers\UserController->index()
11 SYSTEMPATH\CodeIgniter.php(494): CodeIgniter\CodeIgniter->runController(Object(App\Controllers\UserController))
12 SYSTEMPATH\CodeIgniter.php(353): CodeIgniter\CodeIgniter->handleRequest(null, Object(Config\Cache), false)
13 FCPATH\index.php(79): CodeIgniter\CodeIgniter->run()
14 SYSTEMPATH\Commands\Server\rewrite.php(47): require_once('C:\\laragon\\www\\WEBAPP\\laboratory#3\\public\\index.php')
CRITICAL - 2023-09-27 01:28:12 --> Undefined variable $instances
in APPPATH\Views\user\items.php on line 4.
 1 APPPATH\Views\user\items.php(4): CodeIgniter\Debug\Exceptions->errorHandler(2, 'Undefined variable $instances', 'C:\\laragon\\www\\WEBAPP\\laboratory#3\\app\\Views\\user\\items.php', 4)
 2 SYSTEMPATH\View\View.php(226): include('C:\\laragon\\www\\WEBAPP\\laboratory#3\\app\\Views\\user\\items.php')
 3 SYSTEMPATH\View\View.php(229): CodeIgniter\View\View->CodeIgniter\View\{closure}()
 4 SYSTEMPATH\Common.php(1188): CodeIgniter\View\View->render('user/items', [], true)
 5 APPPATH\Views\userinterface.php(6): view('user/items')
 6 SYSTEMPATH\View\View.php(226): include('C:\\laragon\\www\\WEBAPP\\laboratory#3\\app\\Views\\userinterface.php')
 7 SYSTEMPATH\View\View.php(229): CodeIgniter\View\View->CodeIgniter\View\{closure}()
 8 SYSTEMPATH\Common.php(1188): CodeIgniter\View\View->render('userinterface', [], true)
 9 APPPATH\Controllers\UserController.php(16): view('userinterface', [...])
10 SYSTEMPATH\CodeIgniter.php(919): App\Controllers\UserController->index()
11 SYSTEMPATH\CodeIgniter.php(494): CodeIgniter\CodeIgniter->runController(Object(App\Controllers\UserController))
12 SYSTEMPATH\CodeIgniter.php(353): CodeIgniter\CodeIgniter->handleRequest(null, Object(Config\Cache), false)
13 FCPATH\index.php(79): CodeIgniter\CodeIgniter->run()
14 SYSTEMPATH\Commands\Server\rewrite.php(47): require_once('C:\\laragon\\www\\WEBAPP\\laboratory#3\\public\\index.php')
CRITICAL - 2023-09-27 01:28:28 --> Undefined variable $instances
in APPPATH\Views\user\items.php on line 31.
 1 APPPATH\Views\user\items.php(31): CodeIgniter\Debug\Exceptions->errorHandler(2, 'Undefined variable $instances', 'C:\\laragon\\www\\WEBAPP\\laboratory#3\\app\\Views\\user\\items.php', 31)
 2 SYSTEMPATH\View\View.php(226): include('C:\\laragon\\www\\WEBAPP\\laboratory#3\\app\\Views\\user\\items.php')
 3 SYSTEMPATH\View\View.php(229): CodeIgniter\View\View->CodeIgniter\View\{closure}()
 4 SYSTEMPATH\Common.php(1188): CodeIgniter\View\View->render('user/items', [], true)
 5 APPPATH\Views\userinterface.php(6): view('user/items')
 6 SYSTEMPATH\View\View.php(226): include('C:\\laragon\\www\\WEBAPP\\laboratory#3\\app\\Views\\userinterface.php')
 7 SYSTEMPATH\View\View.php(229): CodeIgniter\View\View->CodeIgniter\View\{closure}()
 8 SYSTEMPATH\Common.php(1188): CodeIgniter\View\View->render('userinterface', [], true)
 9 APPPATH\Controllers\UserController.php(16): view('userinterface', [...])
10 SYSTEMPATH\CodeIgniter.php(919): App\Controllers\UserController->index()
11 SYSTEMPATH\CodeIgniter.php(494): CodeIgniter\CodeIgniter->runController(Object(App\Controllers\UserController))
12 SYSTEMPATH\CodeIgniter.php(353): CodeIgniter\CodeIgniter->handleRequest(null, Object(Config\Cache), false)
13 FCPATH\index.php(79): CodeIgniter\CodeIgniter->run()
14 SYSTEMPATH\Commands\Server\rewrite.php(47): require_once('C:\\laragon\\www\\WEBAPP\\laboratory#3\\public\\index.php')
CRITICAL - 2023-09-27 01:31:38 --> Undefined variable $isActive
in APPPATH\Views\user\items.php on line 7.
 1 APPPATH\Views\user\items.php(7): CodeIgniter\Debug\Exceptions->errorHandler(2, 'Undefined variable $isActive', 'C:\\laragon\\www\\WEBAPP\\laboratory#3\\app\\Views\\user\\items.php', 7)
 2 SYSTEMPATH\View\View.php(226): include('C:\\laragon\\www\\WEBAPP\\laboratory#3\\app\\Views\\user\\items.php')
 3 SYSTEMPATH\View\View.php(229): CodeIgniter\View\View->CodeIgniter\View\{closure}()
 4 SYSTEMPATH\Common.php(1188): CodeIgniter\View\View->render('user/items', [], true)
 5 APPPATH\Views\userinterface.php(6): view('user/items')
 6 SYSTEMPATH\View\View.php(226): include('C:\\laragon\\www\\WEBAPP\\laboratory#3\\app\\Views\\userinterface.php')
 7 SYSTEMPATH\View\View.php(229): CodeIgniter\View\View->CodeIgniter\View\{closure}()
 8 SYSTEMPATH\Common.php(1188): CodeIgniter\View\View->render('userinterface', [], true)
 9 APPPATH\Controllers\UserController.php(16): view('userinterface', [...])
10 SYSTEMPATH\CodeIgniter.php(919): App\Controllers\UserController->index()
11 SYSTEMPATH\CodeIgniter.php(494): CodeIgniter\CodeIgniter->runController(Object(App\Controllers\UserController))
12 SYSTEMPATH\CodeIgniter.php(353): CodeIgniter\CodeIgniter->handleRequest(null, Object(Config\Cache), false)
13 FCPATH\index.php(79): CodeIgniter\CodeIgniter->run()
14 SYSTEMPATH\Commands\Server\rewrite.php(47): require_once('C:\\laragon\\www\\WEBAPP\\laboratory#3\\public\\index.php')
CRITICAL - 2023-09-27 01:45:45 --> Undefined variable $state
in APPPATH\Views\user\items.php on line 5.
 1 APPPATH\Views\user\items.php(5): CodeIgniter\Debug\Exceptions->errorHandler(2, 'Undefined variable $state', 'C:\\laragon\\www\\WEBAPP\\laboratory#3\\app\\Views\\user\\items.php', 5)
 2 SYSTEMPATH\View\View.php(226): include('C:\\laragon\\www\\WEBAPP\\laboratory#3\\app\\Views\\user\\items.php')
 3 SYSTEMPATH\View\View.php(229): CodeIgniter\View\View->CodeIgniter\View\{closure}()
 4 SYSTEMPATH\Common.php(1188): CodeIgniter\View\View->render('user/items', [], true)
 5 APPPATH\Views\userinterface.php(6): view('user/items')
 6 SYSTEMPATH\View\View.php(226): include('C:\\laragon\\www\\WEBAPP\\laboratory#3\\app\\Views\\userinterface.php')
 7 SYSTEMPATH\View\View.php(229): CodeIgniter\View\View->CodeIgniter\View\{closure}()
 8 SYSTEMPATH\Common.php(1188): CodeIgniter\View\View->render('userinterface', [], true)
 9 APPPATH\Controllers\UserController.php(16): view('userinterface', [...])
10 SYSTEMPATH\CodeIgniter.php(919): App\Controllers\UserController->index()
11 SYSTEMPATH\CodeIgniter.php(494): CodeIgniter\CodeIgniter->runController(Object(App\Controllers\UserController))
12 SYSTEMPATH\CodeIgniter.php(353): CodeIgniter\CodeIgniter->handleRequest(null, Object(Config\Cache), false)
13 FCPATH\index.php(79): CodeIgniter\CodeIgniter->run()
14 SYSTEMPATH\Commands\Server\rewrite.php(47): require_once('C:\\laragon\\www\\WEBAPP\\laboratory#3\\public\\index.php')
CRITICAL - 2023-09-27 01:45:54 --> Undefined variable $state
in APPPATH\Views\user\items.php on line 5.
 1 APPPATH\Views\user\items.php(5): CodeIgniter\Debug\Exceptions->errorHandler(2, 'Undefined variable $state', 'C:\\laragon\\www\\WEBAPP\\laboratory#3\\app\\Views\\user\\items.php', 5)
 2 SYSTEMPATH\View\View.php(226): include('C:\\laragon\\www\\WEBAPP\\laboratory#3\\app\\Views\\user\\items.php')
 3 SYSTEMPATH\View\View.php(229): CodeIgniter\View\View->CodeIgniter\View\{closure}()
 4 SYSTEMPATH\Common.php(1188): CodeIgniter\View\View->render('user/items', [], true)
 5 APPPATH\Views\userinterface.php(6): view('user/items')
 6 SYSTEMPATH\View\View.php(226): include('C:\\laragon\\www\\WEBAPP\\laboratory#3\\app\\Views\\userinterface.php')
 7 SYSTEMPATH\View\View.php(229): CodeIgniter\View\View->CodeIgniter\View\{closure}()
 8 SYSTEMPATH\Common.php(1188): CodeIgniter\View\View->render('userinterface', [], true)
 9 APPPATH\Controllers\UserController.php(16): view('userinterface', [...])
10 SYSTEMPATH\CodeIgniter.php(919): App\Controllers\UserController->index()
11 SYSTEMPATH\CodeIgniter.php(494): CodeIgniter\CodeIgniter->runController(Object(App\Controllers\UserController))
12 SYSTEMPATH\CodeIgniter.php(353): CodeIgniter\CodeIgniter->handleRequest(null, Object(Config\Cache), false)
13 FCPATH\index.php(79): CodeIgniter\CodeIgniter->run()
14 SYSTEMPATH\Commands\Server\rewrite.php(47): require_once('C:\\laragon\\www\\WEBAPP\\laboratory#3\\public\\index.php')
CRITICAL - 2023-09-27 01:49:21 --> Invalid file: "music.php"
in SYSTEMPATH\Exceptions\FrameworkException.php on line 39.
 1 SYSTEMPATH\View\View.php(214): CodeIgniter\Exceptions\FrameworkException::forInvalidFile('music.php')
 2 SYSTEMPATH\Common.php(1188): CodeIgniter\View\View->render('music', [], true)
 3 APPPATH\Controllers\UserController.php(24): view('music', [...])
 4 SYSTEMPATH\CodeIgniter.php(919): App\Controllers\UserController->index()
 5 SYSTEMPATH\CodeIgniter.php(494): CodeIgniter\CodeIgniter->runController(Object(App\Controllers\UserController))
 6 SYSTEMPATH\CodeIgniter.php(353): CodeIgniter\CodeIgniter->handleRequest(null, Object(Config\Cache), false)
 7 FCPATH\index.php(79): CodeIgniter\CodeIgniter->run()
 8 SYSTEMPATH\Commands\Server\rewrite.php(47): require_once('C:\\laragon\\www\\WEBAPP\\laboratory#3\\public\\index.php')
CRITICAL - 2023-09-27 01:49:30 --> Undefined variable $products
in APPPATH\Views\user\items.php on line 4.
 1 APPPATH\Views\user\items.php(4): CodeIgniter\Debug\Exceptions->errorHandler(2, 'Undefined variable $products', 'C:\\laragon\\www\\WEBAPP\\laboratory#3\\app\\Views\\user\\items.php', 4)
 2 SYSTEMPATH\View\View.php(226): include('C:\\laragon\\www\\WEBAPP\\laboratory#3\\app\\Views\\user\\items.php')
 3 SYSTEMPATH\View\View.php(229): CodeIgniter\View\View->CodeIgniter\View\{closure}()
 4 SYSTEMPATH\Common.php(1188): CodeIgniter\View\View->render('user/items', [], true)
 5 APPPATH\Views\userinterface.php(6): view('user/items')
 6 SYSTEMPATH\View\View.php(226): include('C:\\laragon\\www\\WEBAPP\\laboratory#3\\app\\Views\\userinterface.php')
 7 SYSTEMPATH\View\View.php(229): CodeIgniter\View\View->CodeIgniter\View\{closure}()
 8 SYSTEMPATH\Common.php(1188): CodeIgniter\View\View->render('userinterface', [], true)
 9 APPPATH\Controllers\UserController.php(24): view('userinterface', [...])
10 SYSTEMPATH\CodeIgniter.php(919): App\Controllers\UserController->index()
11 SYSTEMPATH\CodeIgniter.php(494): CodeIgniter\CodeIgniter->runController(Object(App\Controllers\UserController))
12 SYSTEMPATH\CodeIgniter.php(353): CodeIgniter\CodeIgniter->handleRequest(null, Object(Config\Cache), false)
13 FCPATH\index.php(79): CodeIgniter\CodeIgniter->run()
14 SYSTEMPATH\Commands\Server\rewrite.php(47): require_once('C:\\laragon\\www\\WEBAPP\\laboratory#3\\public\\index.php')
CRITICAL - 2023-09-27 01:50:37 --> Undefined variable $p
in APPPATH\Views\user\items.php on line 6.
 1 APPPATH\Views\user\items.php(6): CodeIgniter\Debug\Exceptions->errorHandler(2, 'Undefined variable $p', 'C:\\laragon\\www\\WEBAPP\\laboratory#3\\app\\Views\\user\\items.php', 6)
 2 SYSTEMPATH\View\View.php(226): include('C:\\laragon\\www\\WEBAPP\\laboratory#3\\app\\Views\\user\\items.php')
 3 SYSTEMPATH\View\View.php(229): CodeIgniter\View\View->CodeIgniter\View\{closure}()
 4 SYSTEMPATH\Common.php(1188): CodeIgniter\View\View->render('user/items', [], true)
 5 APPPATH\Views\userinterface.php(6): view('user/items')
 6 SYSTEMPATH\View\View.php(226): include('C:\\laragon\\www\\WEBAPP\\laboratory#3\\app\\Views\\userinterface.php')
 7 SYSTEMPATH\View\View.php(229): CodeIgniter\View\View->CodeIgniter\View\{closure}()
 8 SYSTEMPATH\Common.php(1188): CodeIgniter\View\View->render('userinterface', [], true)
 9 APPPATH\Controllers\UserController.php(24): view('userinterface', [...])
10 SYSTEMPATH\CodeIgniter.php(919): App\Controllers\UserController->index()
11 SYSTEMPATH\CodeIgniter.php(494): CodeIgniter\CodeIgniter->runController(Object(App\Controllers\UserController))
12 SYSTEMPATH\CodeIgniter.php(353): CodeIgniter\CodeIgniter->handleRequest(null, Object(Config\Cache), false)
13 FCPATH\index.php(79): CodeIgniter\CodeIgniter->run()
14 SYSTEMPATH\Commands\Server\rewrite.php(47): require_once('C:\\laragon\\www\\WEBAPP\\laboratory#3\\public\\index.php')
CRITICAL - 2023-09-27 02:16:24 --> syntax error, unexpected token "endforeach", expecting "elseif" or "else" or "endif"
in APPPATH\Views\user\items.php on line 28.
 1 SYSTEMPATH\View\View.php(229): CodeIgniter\View\View->CodeIgniter\View\{closure}()
 2 SYSTEMPATH\Common.php(1188): CodeIgniter\View\View->render('user/items', [], true)
 3 APPPATH\Views\userinterface.php(6): view('user/items')
 4 SYSTEMPATH\View\View.php(226): include('C:\\laragon\\www\\WEBAPP\\laboratory#3\\app\\Views\\userinterface.php')
 5 SYSTEMPATH\View\View.php(229): CodeIgniter\View\View->CodeIgniter\View\{closure}()
 6 SYSTEMPATH\Common.php(1188): CodeIgniter\View\View->render('userinterface', [], true)
 7 APPPATH\Controllers\UserController.php(24): view('userinterface', [...])
 8 SYSTEMPATH\CodeIgniter.php(919): App\Controllers\UserController->index()
 9 SYSTEMPATH\CodeIgniter.php(494): CodeIgniter\CodeIgniter->runController(Object(App\Controllers\UserController))
10 SYSTEMPATH\CodeIgniter.php(353): CodeIgniter\CodeIgniter->handleRequest(null, Object(Config\Cache), false)
11 FCPATH\index.php(79): CodeIgniter\CodeIgniter->run()
12 SYSTEMPATH\Commands\Server\rewrite.php(47): require_once('C:\\laragon\\www\\WEBAPP\\laboratory#3\\public\\index.php')
CRITICAL - 2023-09-27 02:18:29 --> Allowed memory size of 536870912 bytes exhausted (tried to allocate 266354688 bytes)
in APPPATH\Views\user\items.php on line 12.
 1 [internal function]: CodeIgniter\Debug\Exceptions->shutdownHandler()
CRITICAL - 2023-09-27 02:18:45 --> syntax error, unexpected token "endwhile", expecting "elseif" or "else" or "endif"
in APPPATH\Views\user\items.php on line 28.
 1 SYSTEMPATH\View\View.php(229): CodeIgniter\View\View->CodeIgniter\View\{closure}()
 2 SYSTEMPATH\Common.php(1188): CodeIgniter\View\View->render('user/items', [], true)
 3 APPPATH\Views\userinterface.php(6): view('user/items')
 4 SYSTEMPATH\View\View.php(226): include('C:\\laragon\\www\\WEBAPP\\laboratory#3\\app\\Views\\userinterface.php')
 5 SYSTEMPATH\View\View.php(229): CodeIgniter\View\View->CodeIgniter\View\{closure}()
 6 SYSTEMPATH\Common.php(1188): CodeIgniter\View\View->render('userinterface', [], true)
 7 APPPATH\Controllers\UserController.php(24): view('userinterface', [...])
 8 SYSTEMPATH\CodeIgniter.php(919): App\Controllers\UserController->index()
 9 SYSTEMPATH\CodeIgniter.php(494): CodeIgniter\CodeIgniter->runController(Object(App\Controllers\UserController))
10 SYSTEMPATH\CodeIgniter.php(353): CodeIgniter\CodeIgniter->handleRequest(null, Object(Config\Cache), false)
11 FCPATH\index.php(79): CodeIgniter\CodeIgniter->run()
12 SYSTEMPATH\Commands\Server\rewrite.php(47): require_once('C:\\laragon\\www\\WEBAPP\\laboratory#3\\public\\index.php')
CRITICAL - 2023-09-27 02:19:29 --> Allowed memory size of 536870912 bytes exhausted (tried to allocate 266354688 bytes)
in APPPATH\Views\user\items.php on line 12.
 1 [internal function]: CodeIgniter\Debug\Exceptions->shutdownHandler()
CRITICAL - 2023-09-27 02:20:30 --> Allowed memory size of 536870912 bytes exhausted (tried to allocate 266354688 bytes)
in APPPATH\Views\user\items.php on line 12.
 1 [internal function]: CodeIgniter\Debug\Exceptions->shutdownHandler()
CRITICAL - 2023-09-27 02:59:30 --> Value of type int is not callable
in APPPATH\Views\user\items.php on line 6.
 1 SYSTEMPATH\View\View.php(226): include()
 2 SYSTEMPATH\View\View.php(229): CodeIgniter\View\View->CodeIgniter\View\{closure}()
 3 SYSTEMPATH\Common.php(1188): CodeIgniter\View\View->render('user/items', [], true)
 4 APPPATH\Views\userinterface.php(6): view('user/items')
 5 SYSTEMPATH\View\View.php(226): include('C:\\laragon\\www\\WEBAPP\\laboratory#3\\app\\Views\\userinterface.php')
 6 SYSTEMPATH\View\View.php(229): CodeIgniter\View\View->CodeIgniter\View\{closure}()
 7 SYSTEMPATH\Common.php(1188): CodeIgniter\View\View->render('userinterface', [], true)
 8 APPPATH\Controllers\UserController.php(24): view('userinterface', [...])
 9 SYSTEMPATH\CodeIgniter.php(919): App\Controllers\UserController->index()
10 SYSTEMPATH\CodeIgniter.php(494): CodeIgniter\CodeIgniter->runController(Object(App\Controllers\UserController))
11 SYSTEMPATH\CodeIgniter.php(353): CodeIgniter\CodeIgniter->handleRequest(null, Object(Config\Cache), false)
12 FCPATH\index.php(79): CodeIgniter\CodeIgniter->run()
13 SYSTEMPATH\Commands\Server\rewrite.php(47): require_once('C:\\laragon\\www\\WEBAPP\\laboratory#3\\public\\index.php')
CRITICAL - 2023-09-27 03:00:15 --> Call to undefined function active()
in APPPATH\Views\user\items.php on line 6.
 1 SYSTEMPATH\View\View.php(226): include()
 2 SYSTEMPATH\View\View.php(229): CodeIgniter\View\View->CodeIgniter\View\{closure}()
 3 SYSTEMPATH\Common.php(1188): CodeIgniter\View\View->render('user/items', [], true)
 4 APPPATH\Views\userinterface.php(6): view('user/items')
 5 SYSTEMPATH\View\View.php(226): include('C:\\laragon\\www\\WEBAPP\\laboratory#3\\app\\Views\\userinterface.php')
 6 SYSTEMPATH\View\View.php(229): CodeIgniter\View\View->CodeIgniter\View\{closure}()
 7 SYSTEMPATH\Common.php(1188): CodeIgniter\View\View->render('userinterface', [], true)
 8 APPPATH\Controllers\UserController.php(24): view('userinterface', [...])
 9 SYSTEMPATH\CodeIgniter.php(919): App\Controllers\UserController->index()
10 SYSTEMPATH\CodeIgniter.php(494): CodeIgniter\CodeIgniter->runController(Object(App\Controllers\UserController))
11 SYSTEMPATH\CodeIgniter.php(353): CodeIgniter\CodeIgniter->handleRequest(null, Object(Config\Cache), false)
12 FCPATH\index.php(79): CodeIgniter\CodeIgniter->run()
13 SYSTEMPATH\Commands\Server\rewrite.php(47): require_once('C:\\laragon\\www\\WEBAPP\\laboratory#3\\public\\index.php')
CRITICAL - 2023-09-27 12:55:43 --> Invalid file: "admin.php"
in SYSTEMPATH\Exceptions\FrameworkException.php on line 39.
 1 SYSTEMPATH\View\View.php(214): CodeIgniter\Exceptions\FrameworkException::forInvalidFile('admin.php')
 2 SYSTEMPATH\Common.php(1188): CodeIgniter\View\View->render('admin', [], true)
 3 APPPATH\Controllers\AdminController.php(13): view('admin')
 4 SYSTEMPATH\CodeIgniter.php(919): App\Controllers\AdminController->login()
 5 SYSTEMPATH\CodeIgniter.php(494): CodeIgniter\CodeIgniter->runController(Object(App\Controllers\AdminController))
 6 SYSTEMPATH\CodeIgniter.php(353): CodeIgniter\CodeIgniter->handleRequest(null, Object(Config\Cache), false)
 7 FCPATH\index.php(79): CodeIgniter\CodeIgniter->run()
 8 SYSTEMPATH\Commands\Server\rewrite.php(47): require_once('C:\\laragon\\www\\WEBAPP\\laboratory#3\\public\\index.php')
CRITICAL - 2023-09-27 13:25:10 --> "authGuard" filter must have a matching alias defined.
in SYSTEMPATH\Filters\Filters.php on line 350.
 1 SYSTEMPATH\Filters\Filters.php(350): CodeIgniter\Filters\Exceptions\FilterException::forNoAlias('authGuard')
 2 SYSTEMPATH\CodeIgniter.php(459): CodeIgniter\Filters\Filters->enableFilter('authGuard', 'before')
 3 SYSTEMPATH\CodeIgniter.php(353): CodeIgniter\CodeIgniter->handleRequest(null, Object(Config\Cache), false)
 4 FCPATH\index.php(79): CodeIgniter\CodeIgniter->run()
 5 SYSTEMPATH\Commands\Server\rewrite.php(47): require_once('C:\\laragon\\www\\WEBAPP\\laboratory#3\\public\\index.php')
CRITICAL - 2023-09-27 13:57:04 --> strpos(): Argument #3 ($offset) must be contained in argument #1 ($haystack)
in SYSTEMPATH\Validation\Validation.php on line 933.
 1 SYSTEMPATH\Validation\Validation.php(933): strpos('required[min_length[8]|max_length[20]', '|', 38)
 2 SYSTEMPATH\Validation\Validation.php(576): CodeIgniter\Validation\Validation->splitRules([])
 3 SYSTEMPATH\Controller.php(194): CodeIgniter\Validation\Validation->setRules([...], [])
 4 SYSTEMPATH\Controller.php(148): CodeIgniter\Controller->setValidator([...], [])
 5 APPPATH\Controllers\AdminController.php(55): CodeIgniter\Controller->validate([...])
 6 SYSTEMPATH\CodeIgniter.php(919): App\Controllers\AdminController->createaccount()
 7 SYSTEMPATH\CodeIgniter.php(494): CodeIgniter\CodeIgniter->runController(Object(App\Controllers\AdminController))
 8 SYSTEMPATH\CodeIgniter.php(353): CodeIgniter\CodeIgniter->handleRequest(null, Object(Config\Cache), false)
 9 FCPATH\index.php(79): CodeIgniter\CodeIgniter->run()
10 SYSTEMPATH\Commands\Server\rewrite.php(47): require_once('C:\\laragon\\www\\WEBAPP\\laboratory#3\\public\\index.php')
CRITICAL - 2023-09-27 13:57:45 --> strpos(): Argument #3 ($offset) must be contained in argument #1 ($haystack)
in SYSTEMPATH\Validation\Validation.php on line 933.
 1 SYSTEMPATH\Validation\Validation.php(933): strpos('required[min_length[1]|max_length[99]', '|', 38)
 2 SYSTEMPATH\Validation\Validation.php(576): CodeIgniter\Validation\Validation->splitRules([])
 3 SYSTEMPATH\Controller.php(194): CodeIgniter\Validation\Validation->setRules([...], [])
 4 SYSTEMPATH\Controller.php(148): CodeIgniter\Controller->setValidator([...], [])
 5 APPPATH\Controllers\AdminController.php(55): CodeIgniter\Controller->validate([...])
 6 SYSTEMPATH\CodeIgniter.php(919): App\Controllers\AdminController->createaccount()
 7 SYSTEMPATH\CodeIgniter.php(494): CodeIgniter\CodeIgniter->runController(Object(App\Controllers\AdminController))
 8 SYSTEMPATH\CodeIgniter.php(353): CodeIgniter\CodeIgniter->handleRequest(null, Object(Config\Cache), false)
 9 FCPATH\index.php(79): CodeIgniter\CodeIgniter->run()
10 SYSTEMPATH\Commands\Server\rewrite.php(47): require_once('C:\\laragon\\www\\WEBAPP\\laboratory#3\\public\\index.php')
CRITICAL - 2023-09-27 15:21:25 --> Invalid file: "/register.php"
in SYSTEMPATH\Exceptions\FrameworkException.php on line 39.
 1 SYSTEMPATH\View\View.php(214): CodeIgniter\Exceptions\FrameworkException::forInvalidFile('/register.php')
 2 SYSTEMPATH\Common.php(1188): CodeIgniter\View\View->render('/register', [], true)
 3 APPPATH\Controllers\AdminController.php(67): view('/register')
 4 SYSTEMPATH\CodeIgniter.php(919): App\Controllers\AdminController->createaccount()
 5 SYSTEMPATH\CodeIgniter.php(494): CodeIgniter\CodeIgniter->runController(Object(App\Controllers\AdminController))
 6 SYSTEMPATH\CodeIgniter.php(353): CodeIgniter\CodeIgniter->handleRequest(null, Object(Config\Cache), false)
 7 FCPATH\index.php(79): CodeIgniter\CodeIgniter->run()
 8 SYSTEMPATH\Commands\Server\rewrite.php(47): require_once('C:\\laragon\\www\\WEBAPP\\laboratory#3\\public\\index.php')
CRITICAL - 2023-09-27 15:21:55 --> Invalid file: "/registerbox.php"
in SYSTEMPATH\Exceptions\FrameworkException.php on line 39.
 1 SYSTEMPATH\View\View.php(214): CodeIgniter\Exceptions\FrameworkException::forInvalidFile('/registerbox.php')
 2 SYSTEMPATH\Common.php(1188): CodeIgniter\View\View->render('/registerbox', [], true)
 3 APPPATH\Controllers\AdminController.php(67): view('/registerbox')
 4 SYSTEMPATH\CodeIgniter.php(919): App\Controllers\AdminController->createaccount()
 5 SYSTEMPATH\CodeIgniter.php(494): CodeIgniter\CodeIgniter->runController(Object(App\Controllers\AdminController))
 6 SYSTEMPATH\CodeIgniter.php(353): CodeIgniter\CodeIgniter->handleRequest(null, Object(Config\Cache), false)
 7 FCPATH\index.php(79): CodeIgniter\CodeIgniter->run()
 8 SYSTEMPATH\Commands\Server\rewrite.php(47): require_once('C:\\laragon\\www\\WEBAPP\\laboratory#3\\public\\index.php')
