CRITICAL - 2023-09-29 15:42:31 --> Invalid file: "sidebar.php"
in SYSTEMPATH\Exceptions\FrameworkException.php on line 39.
 1 SYSTEMPATH\View\View.php(214): CodeIgniter\Exceptions\FrameworkException::forInvalidFile('sidebar.php')
 2 SYSTEMPATH\Common.php(1188): CodeIgniter\View\View->render('sidebar', [], true)
 3 APPPATH\Views\administrator.php(7): view('sidebar')
 4 SYSTEMPATH\View\View.php(226): include('C:\\laragon\\www\\WEBAPP\\laboratory#3\\app\\Views\\administrator.php')
 5 SYSTEMPATH\View\View.php(229): CodeIgniter\View\View->CodeIgniter\View\{closure}()
 6 SYSTEMPATH\Common.php(1188): CodeIgniter\View\View->render('administrator', [], true)
 7 APPPATH\Controllers\AdminController.php(37): view('administrator', [...])
 8 SYSTEMPATH\CodeIgniter.php(919): App\Controllers\AdminController->administrator()
 9 SYSTEMPATH\CodeIgniter.php(494): CodeIgniter\CodeIgniter->runController(Object(App\Controllers\AdminController))
10 SYSTEMPATH\CodeIgniter.php(353): CodeIgniter\CodeIgniter->handleRequest(null, Object(Config\Cache), false)
11 FCPATH\index.php(79): CodeIgniter\CodeIgniter->run()
12 SYSTEMPATH\Commands\Server\rewrite.php(47): require_once('C:\\laragon\\www\\WEBAPP\\laboratory#3\\public\\index.php')
CRITICAL - 2023-09-29 15:42:38 --> Invalid file: "sidebar.php"
in SYSTEMPATH\Exceptions\FrameworkException.php on line 39.
 1 SYSTEMPATH\View\View.php(214): CodeIgniter\Exceptions\FrameworkException::forInvalidFile('sidebar.php')
 2 SYSTEMPATH\Common.php(1188): CodeIgniter\View\View->render('sidebar', [], true)
 3 APPPATH\Views\administrator.php(7): view('sidebar')
 4 SYSTEMPATH\View\View.php(226): include('C:\\laragon\\www\\WEBAPP\\laboratory#3\\app\\Views\\administrator.php')
 5 SYSTEMPATH\View\View.php(229): CodeIgniter\View\View->CodeIgniter\View\{closure}()
 6 SYSTEMPATH\Common.php(1188): CodeIgniter\View\View->render('administrator', [], true)
 7 APPPATH\Controllers\AdminController.php(37): view('administrator', [...])
 8 SYSTEMPATH\CodeIgniter.php(919): App\Controllers\AdminController->administrator()
 9 SYSTEMPATH\CodeIgniter.php(494): CodeIgniter\CodeIgniter->runController(Object(App\Controllers\AdminController))
10 SYSTEMPATH\CodeIgniter.php(353): CodeIgniter\CodeIgniter->handleRequest(null, Object(Config\Cache), false)
11 FCPATH\index.php(79): CodeIgniter\CodeIgniter->run()
12 SYSTEMPATH\Commands\Server\rewrite.php(47): require_once('C:\\laragon\\www\\WEBAPP\\laboratory#3\\public\\index.php')
CRITICAL - 2023-09-29 16:38:15 --> Array to string conversion
in APPPATH\Views\administrator.php on line 12.
 1 APPPATH\Views\administrator.php(12): CodeIgniter\Debug\Exceptions->errorHandler(2, 'Array to string conversion', 'C:\\laragon\\www\\WEBAPP\\laboratory#3\\app\\Views\\administrator.php', 12)
 2 SYSTEMPATH\View\View.php(226): include('C:\\laragon\\www\\WEBAPP\\laboratory#3\\app\\Views\\administrator.php')
 3 SYSTEMPATH\View\View.php(229): CodeIgniter\View\View->CodeIgniter\View\{closure}()
 4 SYSTEMPATH\Common.php(1188): CodeIgniter\View\View->render('administrator', [], true)
 5 APPPATH\Controllers\AdminController.php(42): view('administrator', [...])
 6 SYSTEMPATH\CodeIgniter.php(919): App\Controllers\AdminController->administrator()
 7 SYSTEMPATH\CodeIgniter.php(494): CodeIgniter\CodeIgniter->runController(Object(App\Controllers\AdminController))
 8 SYSTEMPATH\CodeIgniter.php(353): CodeIgniter\CodeIgniter->handleRequest(null, Object(Config\Cache), false)
 9 FCPATH\index.php(79): CodeIgniter\CodeIgniter->run()
10 SYSTEMPATH\Commands\Server\rewrite.php(47): require_once('C:\\laragon\\www\\WEBAPP\\laboratory#3\\public\\index.php')
CRITICAL - 2023-09-29 16:39:04 --> Undefined array key "name"
in APPPATH\Views\administrator.php on line 12.
 1 APPPATH\Views\administrator.php(12): CodeIgniter\Debug\Exceptions->errorHandler(2, 'Undefined array key "name"', 'C:\\laragon\\www\\WEBAPP\\laboratory#3\\app\\Views\\administrator.php', 12)
 2 SYSTEMPATH\View\View.php(226): include('C:\\laragon\\www\\WEBAPP\\laboratory#3\\app\\Views\\administrator.php')
 3 SYSTEMPATH\View\View.php(229): CodeIgniter\View\View->CodeIgniter\View\{closure}()
 4 SYSTEMPATH\Common.php(1188): CodeIgniter\View\View->render('administrator', [], true)
 5 APPPATH\Controllers\AdminController.php(42): view('administrator', [...])
 6 SYSTEMPATH\CodeIgniter.php(919): App\Controllers\AdminController->administrator()
 7 SYSTEMPATH\CodeIgniter.php(494): CodeIgniter\CodeIgniter->runController(Object(App\Controllers\AdminController))
 8 SYSTEMPATH\CodeIgniter.php(353): CodeIgniter\CodeIgniter->handleRequest(null, Object(Config\Cache), false)
 9 FCPATH\index.php(79): CodeIgniter\CodeIgniter->run()
10 SYSTEMPATH\Commands\Server\rewrite.php(47): require_once('C:\\laragon\\www\\WEBAPP\\laboratory#3\\public\\index.php')
ERROR - 2023-09-29 16:40:20 --> mysqli_sql_exception: Unknown column 'e_category.name' in 'field list' in C:\laragon\www\WEBAPP\laboratory#3\system\Database\MySQLi\Connection.php:306
Stack trace:
#0 C:\laragon\www\WEBAPP\laboratory#3\system\Database\MySQLi\Connection.php(306): mysqli->query('SELECT e_commer...', 0)
#1 C:\laragon\www\WEBAPP\laboratory#3\system\Database\BaseConnection.php(692): CodeIgniter\Database\MySQLi\Connection->execute('SELECT e_commer...')
#2 C:\laragon\www\WEBAPP\laboratory#3\system\Database\BaseConnection.php(606): CodeIgniter\Database\BaseConnection->simpleQuery('SELECT e_commer...')
#3 C:\laragon\www\WEBAPP\laboratory#3\system\Model.php(867): CodeIgniter\Database\BaseConnection->query('SELECT e_commer...')
#4 C:\laragon\www\WEBAPP\laboratory#3\app\Controllers\AdminController.php(36): CodeIgniter\Model->__call('query', Array)
#5 C:\laragon\www\WEBAPP\laboratory#3\system\CodeIgniter.php(919): App\Controllers\AdminController->administrator()
#6 C:\laragon\www\WEBAPP\laboratory#3\system\CodeIgniter.php(494): CodeIgniter\CodeIgniter->runController(Object(App\Controllers\AdminController))
#7 C:\laragon\www\WEBAPP\laboratory#3\system\CodeIgniter.php(353): CodeIgniter\CodeIgniter->handleRequest(NULL, Object(Config\Cache), false)
#8 C:\laragon\www\WEBAPP\laboratory#3\public\index.php(79): CodeIgniter\CodeIgniter->run()
#9 C:\laragon\www\WEBAPP\laboratory#3\system\Commands\Server\rewrite.php(47): require_once('C:\\laragon\\www\\...')
#10 {main}
CRITICAL - 2023-09-29 16:40:20 --> Unknown column 'e_category.name' in 'field list'
in SYSTEMPATH\Database\BaseConnection.php on line 646.
 1 SYSTEMPATH\Model.php(867): CodeIgniter\Database\BaseConnection->query('SELECT e_commerce.id, e_commerce.name, e_category.name FROM e_commerce JOIN e_category ON e_commerce.category = e_category.id')
 2 APPPATH\Controllers\AdminController.php(36): CodeIgniter\Model->__call('query', [...])
 3 SYSTEMPATH\CodeIgniter.php(919): App\Controllers\AdminController->administrator()
 4 SYSTEMPATH\CodeIgniter.php(494): CodeIgniter\CodeIgniter->runController(Object(App\Controllers\AdminController))
 5 SYSTEMPATH\CodeIgniter.php(353): CodeIgniter\CodeIgniter->handleRequest(null, Object(Config\Cache), false)
 6 FCPATH\index.php(79): CodeIgniter\CodeIgniter->run()
 7 SYSTEMPATH\Commands\Server\rewrite.php(47): require_once('C:\\laragon\\www\\WEBAPP\\laboratory#3\\public\\index.php')
CRITICAL - 2023-09-29 16:40:33 --> Undefined array key "catname"
in APPPATH\Views\administrator.php on line 12.
 1 APPPATH\Views\administrator.php(12): CodeIgniter\Debug\Exceptions->errorHandler(2, 'Undefined array key "catname"', 'C:\\laragon\\www\\WEBAPP\\laboratory#3\\app\\Views\\administrator.php', 12)
 2 SYSTEMPATH\View\View.php(226): include('C:\\laragon\\www\\WEBAPP\\laboratory#3\\app\\Views\\administrator.php')
 3 SYSTEMPATH\View\View.php(229): CodeIgniter\View\View->CodeIgniter\View\{closure}()
 4 SYSTEMPATH\Common.php(1188): CodeIgniter\View\View->render('administrator', [], true)
 5 APPPATH\Controllers\AdminController.php(42): view('administrator', [...])
 6 SYSTEMPATH\CodeIgniter.php(919): App\Controllers\AdminController->administrator()
 7 SYSTEMPATH\CodeIgniter.php(494): CodeIgniter\CodeIgniter->runController(Object(App\Controllers\AdminController))
 8 SYSTEMPATH\CodeIgniter.php(353): CodeIgniter\CodeIgniter->handleRequest(null, Object(Config\Cache), false)
 9 FCPATH\index.php(79): CodeIgniter\CodeIgniter->run()
10 SYSTEMPATH\Commands\Server\rewrite.php(47): require_once('C:\\laragon\\www\\WEBAPP\\laboratory#3\\public\\index.php')
CRITICAL - 2023-09-29 16:41:23 --> Undefined array key "id"
in APPPATH\Views\administrator.php on line 12.
 1 APPPATH\Views\administrator.php(12): CodeIgniter\Debug\Exceptions->errorHandler(2, 'Undefined array key "id"', 'C:\\laragon\\www\\WEBAPP\\laboratory#3\\app\\Views\\administrator.php', 12)
 2 SYSTEMPATH\View\View.php(226): include('C:\\laragon\\www\\WEBAPP\\laboratory#3\\app\\Views\\administrator.php')
 3 SYSTEMPATH\View\View.php(229): CodeIgniter\View\View->CodeIgniter\View\{closure}()
 4 SYSTEMPATH\Common.php(1188): CodeIgniter\View\View->render('administrator', [], true)
 5 APPPATH\Controllers\AdminController.php(42): view('administrator', [...])
 6 SYSTEMPATH\CodeIgniter.php(919): App\Controllers\AdminController->administrator()
 7 SYSTEMPATH\CodeIgniter.php(494): CodeIgniter\CodeIgniter->runController(Object(App\Controllers\AdminController))
 8 SYSTEMPATH\CodeIgniter.php(353): CodeIgniter\CodeIgniter->handleRequest(null, Object(Config\Cache), false)
 9 FCPATH\index.php(79): CodeIgniter\CodeIgniter->run()
10 SYSTEMPATH\Commands\Server\rewrite.php(47): require_once('C:\\laragon\\www\\WEBAPP\\laboratory#3\\public\\index.php')
CRITICAL - 2023-09-29 16:42:10 --> syntax error, unexpected token "<"
in APPPATH\Views\administrator.php on line 15.
 1 SYSTEMPATH\View\View.php(229): CodeIgniter\View\View->CodeIgniter\View\{closure}()
 2 SYSTEMPATH\Common.php(1188): CodeIgniter\View\View->render('administrator', [], true)
 3 APPPATH\Controllers\AdminController.php(42): view('administrator', [...])
 4 SYSTEMPATH\CodeIgniter.php(919): App\Controllers\AdminController->administrator()
 5 SYSTEMPATH\CodeIgniter.php(494): CodeIgniter\CodeIgniter->runController(Object(App\Controllers\AdminController))
 6 SYSTEMPATH\CodeIgniter.php(353): CodeIgniter\CodeIgniter->handleRequest(null, Object(Config\Cache), false)
 7 FCPATH\index.php(79): CodeIgniter\CodeIgniter->run()
 8 SYSTEMPATH\Commands\Server\rewrite.php(47): require_once('C:\\laragon\\www\\WEBAPP\\laboratory#3\\public\\index.php')
ERROR - 2023-09-29 16:46:23 --> mysqli_sql_exception: Unknown column 'e_category.name' in 'group statement' in C:\laragon\www\WEBAPP\laboratory#3\system\Database\MySQLi\Connection.php:306
Stack trace:
#0 C:\laragon\www\WEBAPP\laboratory#3\system\Database\MySQLi\Connection.php(306): mysqli->query('SELECT e_commer...', 0)
#1 C:\laragon\www\WEBAPP\laboratory#3\system\Database\BaseConnection.php(692): CodeIgniter\Database\MySQLi\Connection->execute('SELECT e_commer...')
#2 C:\laragon\www\WEBAPP\laboratory#3\system\Database\BaseConnection.php(606): CodeIgniter\Database\BaseConnection->simpleQuery('SELECT e_commer...')
#3 C:\laragon\www\WEBAPP\laboratory#3\system\Model.php(867): CodeIgniter\Database\BaseConnection->query('SELECT e_commer...')
#4 C:\laragon\www\WEBAPP\laboratory#3\app\Controllers\AdminController.php(36): CodeIgniter\Model->__call('query', Array)
#5 C:\laragon\www\WEBAPP\laboratory#3\system\CodeIgniter.php(919): App\Controllers\AdminController->administrator()
#6 C:\laragon\www\WEBAPP\laboratory#3\system\CodeIgniter.php(494): CodeIgniter\CodeIgniter->runController(Object(App\Controllers\AdminController))
#7 C:\laragon\www\WEBAPP\laboratory#3\system\CodeIgniter.php(353): CodeIgniter\CodeIgniter->handleRequest(NULL, Object(Config\Cache), false)
#8 C:\laragon\www\WEBAPP\laboratory#3\public\index.php(79): CodeIgniter\CodeIgniter->run()
#9 C:\laragon\www\WEBAPP\laboratory#3\system\Commands\Server\rewrite.php(47): require_once('C:\\laragon\\www\\...')
#10 {main}
CRITICAL - 2023-09-29 16:46:23 --> Unknown column 'e_category.name' in 'group statement'
in SYSTEMPATH\Database\BaseConnection.php on line 646.
 1 SYSTEMPATH\Model.php(867): CodeIgniter\Database\BaseConnection->query('SELECT e_commerce.id, e_commerce.name, e_category.catname FROM e_commerce JOIN e_category ON e_commerce.category = e_category.id GROUP BY e_commerce.id, e_commerce.name, e_category.name')
 2 APPPATH\Controllers\AdminController.php(36): CodeIgniter\Model->__call('query', [...])
 3 SYSTEMPATH\CodeIgniter.php(919): App\Controllers\AdminController->administrator()
 4 SYSTEMPATH\CodeIgniter.php(494): CodeIgniter\CodeIgniter->runController(Object(App\Controllers\AdminController))
 5 SYSTEMPATH\CodeIgniter.php(353): CodeIgniter\CodeIgniter->handleRequest(null, Object(Config\Cache), false)
 6 FCPATH\index.php(79): CodeIgniter\CodeIgniter->run()
 7 SYSTEMPATH\Commands\Server\rewrite.php(47): require_once('C:\\laragon\\www\\WEBAPP\\laboratory#3\\public\\index.php')
ERROR - 2023-09-29 16:46:33 --> mysqli_sql_exception: Unknown column 'e_category.name' in 'field list' in C:\laragon\www\WEBAPP\laboratory#3\system\Database\MySQLi\Connection.php:306
Stack trace:
#0 C:\laragon\www\WEBAPP\laboratory#3\system\Database\MySQLi\Connection.php(306): mysqli->query('SELECT e_commer...', 0)
#1 C:\laragon\www\WEBAPP\laboratory#3\system\Database\BaseConnection.php(692): CodeIgniter\Database\MySQLi\Connection->execute('SELECT e_commer...')
#2 C:\laragon\www\WEBAPP\laboratory#3\system\Database\BaseConnection.php(606): CodeIgniter\Database\BaseConnection->simpleQuery('SELECT e_commer...')
#3 C:\laragon\www\WEBAPP\laboratory#3\system\Model.php(867): CodeIgniter\Database\BaseConnection->query('SELECT e_commer...')
#4 C:\laragon\www\WEBAPP\laboratory#3\app\Controllers\AdminController.php(36): CodeIgniter\Model->__call('query', Array)
#5 C:\laragon\www\WEBAPP\laboratory#3\system\CodeIgniter.php(919): App\Controllers\AdminController->administrator()
#6 C:\laragon\www\WEBAPP\laboratory#3\system\CodeIgniter.php(494): CodeIgniter\CodeIgniter->runController(Object(App\Controllers\AdminController))
#7 C:\laragon\www\WEBAPP\laboratory#3\system\CodeIgniter.php(353): CodeIgniter\CodeIgniter->handleRequest(NULL, Object(Config\Cache), false)
#8 C:\laragon\www\WEBAPP\laboratory#3\public\index.php(79): CodeIgniter\CodeIgniter->run()
#9 C:\laragon\www\WEBAPP\laboratory#3\system\Commands\Server\rewrite.php(47): require_once('C:\\laragon\\www\\...')
#10 {main}
CRITICAL - 2023-09-29 16:46:33 --> Unknown column 'e_category.name' in 'field list'
in SYSTEMPATH\Database\BaseConnection.php on line 646.
 1 SYSTEMPATH\Model.php(867): CodeIgniter\Database\BaseConnection->query('SELECT e_commerce.id, e_commerce.name, e_category.name FROM e_commerce JOIN e_category ON e_commerce.category = e_category.id GROUP BY e_commerce.id, e_commerce.name, e_category.name')
 2 APPPATH\Controllers\AdminController.php(36): CodeIgniter\Model->__call('query', [...])
 3 SYSTEMPATH\CodeIgniter.php(919): App\Controllers\AdminController->administrator()
 4 SYSTEMPATH\CodeIgniter.php(494): CodeIgniter\CodeIgniter->runController(Object(App\Controllers\AdminController))
 5 SYSTEMPATH\CodeIgniter.php(353): CodeIgniter\CodeIgniter->handleRequest(null, Object(Config\Cache), false)
 6 FCPATH\index.php(79): CodeIgniter\CodeIgniter->run()
 7 SYSTEMPATH\Commands\Server\rewrite.php(47): require_once('C:\\laragon\\www\\WEBAPP\\laboratory#3\\public\\index.php')
ERROR - 2023-09-29 16:46:37 --> mysqli_sql_exception: Unknown column 'e_category.name' in 'group statement' in C:\laragon\www\WEBAPP\laboratory#3\system\Database\MySQLi\Connection.php:306
Stack trace:
#0 C:\laragon\www\WEBAPP\laboratory#3\system\Database\MySQLi\Connection.php(306): mysqli->query('SELECT e_commer...', 0)
#1 C:\laragon\www\WEBAPP\laboratory#3\system\Database\BaseConnection.php(692): CodeIgniter\Database\MySQLi\Connection->execute('SELECT e_commer...')
#2 C:\laragon\www\WEBAPP\laboratory#3\system\Database\BaseConnection.php(606): CodeIgniter\Database\BaseConnection->simpleQuery('SELECT e_commer...')
#3 C:\laragon\www\WEBAPP\laboratory#3\system\Model.php(867): CodeIgniter\Database\BaseConnection->query('SELECT e_commer...')
#4 C:\laragon\www\WEBAPP\laboratory#3\app\Controllers\AdminController.php(36): CodeIgniter\Model->__call('query', Array)
#5 C:\laragon\www\WEBAPP\laboratory#3\system\CodeIgniter.php(919): App\Controllers\AdminController->administrator()
#6 C:\laragon\www\WEBAPP\laboratory#3\system\CodeIgniter.php(494): CodeIgniter\CodeIgniter->runController(Object(App\Controllers\AdminController))
#7 C:\laragon\www\WEBAPP\laboratory#3\system\CodeIgniter.php(353): CodeIgniter\CodeIgniter->handleRequest(NULL, Object(Config\Cache), false)
#8 C:\laragon\www\WEBAPP\laboratory#3\public\index.php(79): CodeIgniter\CodeIgniter->run()
#9 C:\laragon\www\WEBAPP\laboratory#3\system\Commands\Server\rewrite.php(47): require_once('C:\\laragon\\www\\...')
#10 {main}
CRITICAL - 2023-09-29 16:46:37 --> Unknown column 'e_category.name' in 'group statement'
in SYSTEMPATH\Database\BaseConnection.php on line 646.
 1 SYSTEMPATH\Model.php(867): CodeIgniter\Database\BaseConnection->query('SELECT e_commerce.id, e_commerce.name, e_category.catname FROM e_commerce JOIN e_category ON e_commerce.category = e_category.id GROUP BY e_commerce.id, e_commerce.name, e_category.name')
 2 APPPATH\Controllers\AdminController.php(36): CodeIgniter\Model->__call('query', [...])
 3 SYSTEMPATH\CodeIgniter.php(919): App\Controllers\AdminController->administrator()
 4 SYSTEMPATH\CodeIgniter.php(494): CodeIgniter\CodeIgniter->runController(Object(App\Controllers\AdminController))
 5 SYSTEMPATH\CodeIgniter.php(353): CodeIgniter\CodeIgniter->handleRequest(null, Object(Config\Cache), false)
 6 FCPATH\index.php(79): CodeIgniter\CodeIgniter->run()
 7 SYSTEMPATH\Commands\Server\rewrite.php(47): require_once('C:\\laragon\\www\\WEBAPP\\laboratory#3\\public\\index.php')
CRITICAL - 2023-09-29 16:49:13 --> Undefined variable $CATEGORY
in APPPATH\Views\administrator.php on line 13.
 1 APPPATH\Views\administrator.php(13): CodeIgniter\Debug\Exceptions->errorHandler(2, 'Undefined variable $CATEGORY', 'C:\\laragon\\www\\WEBAPP\\laboratory#3\\app\\Views\\administrator.php', 13)
 2 SYSTEMPATH\View\View.php(226): include('C:\\laragon\\www\\WEBAPP\\laboratory#3\\app\\Views\\administrator.php')
 3 SYSTEMPATH\View\View.php(229): CodeIgniter\View\View->CodeIgniter\View\{closure}()
 4 SYSTEMPATH\Common.php(1188): CodeIgniter\View\View->render('administrator', [], true)
 5 APPPATH\Controllers\AdminController.php(42): view('administrator', [...])
 6 SYSTEMPATH\CodeIgniter.php(919): App\Controllers\AdminController->administrator()
 7 SYSTEMPATH\CodeIgniter.php(494): CodeIgniter\CodeIgniter->runController(Object(App\Controllers\AdminController))
 8 SYSTEMPATH\CodeIgniter.php(353): CodeIgniter\CodeIgniter->handleRequest(null, Object(Config\Cache), false)
 9 FCPATH\index.php(79): CodeIgniter\CodeIgniter->run()
10 SYSTEMPATH\Commands\Server\rewrite.php(47): require_once('C:\\laragon\\www\\WEBAPP\\laboratory#3\\public\\index.php')
